Build started 9/17/2013 10:01:25 AM.
     1>Project "C:\Users\Student\Desktop\ttt\PongHunterB\PongHunterB.vcxproj" on node 2 (build target(s)).
     1>InitializeBuildStatus:
         Creating "obj\PongHunterB.unsuccessfulbuild" because "AlwaysCreate" was specified.
       ClCompile:
         C:\Program Files (x86)\Microsoft Visual Studio 10.0\VC\bin\CL.exe /c /I./ /I./include/ /ZI /nologo /W3 /WX- /Od /Oy- /D WIN32 /D _DEBUG /D _CONSOLE /D _MBCS /Gm /EHsc /RTC1 /MDd /GS /fp:precise /Zc:wchar_t /Zc:forScope /Fo"obj\\" /Fd"obj\vc100.pdb" /Gd /TP /analyze- /errorReport:prompt source\main.cpp
         main.cpp
     1>c:\users\student\desktop\ttt\ponghunterb\source\main.cpp(30): warning C4244: 'initializing' : conversion from 'int' to 'float', possible loss of data
     1>c:\users\student\desktop\ttt\ponghunterb\source\main.cpp(30): warning C4244: 'initializing' : conversion from 'int' to 'float', possible loss of data
     1>c:\users\student\desktop\ttt\ponghunterb\source\main.cpp(112): warning C4244: 'initializing' : conversion from 'float' to 'int', possible loss of data
     1>c:\users\student\desktop\ttt\ponghunterb\source\main.cpp(113): warning C4244: 'initializing' : conversion from 'float' to 'int', possible loss of data
     1>c:\users\student\desktop\ttt\ponghunterb\source\main.cpp(114): warning C4244: 'initializing' : conversion from 'float' to 'int', possible loss of data
     1>c:\users\student\desktop\ttt\ponghunterb\source\main.cpp(115): warning C4244: 'initializing' : conversion from 'float' to 'int', possible loss of data
     1>c:\users\student\desktop\ttt\ponghunterb\source\main.cpp(142): warning C4244: 'argument' : conversion from 'time_t' to 'unsigned int', possible loss of data
     1>c:\users\student\desktop\ttt\ponghunterb\source\main.cpp(241): warning C4244: 'argument' : conversion from 'int' to 'float', possible loss of data
     1>c:\users\student\desktop\ttt\ponghunterb\source\main.cpp(241): warning C4244: 'argument' : conversion from 'int' to 'float', possible loss of data
     1>c:\users\student\desktop\ttt\ponghunterb\source\main.cpp(262): warning C4996: 'sprintf': This function or variable may be unsafe. Consider using sprintf_s instead. To disable deprecation, use _CRT_SECURE_NO_WARNINGS. See online help for details.
                 c:\program files (x86)\microsoft visual studio 10.0\vc\include\stdio.h(371) : see declaration of 'sprintf'
     1>c:\users\student\desktop\ttt\ponghunterb\source\main.cpp(263): warning C4996: 'sprintf': This function or variable may be unsafe. Consider using sprintf_s instead. To disable deprecation, use _CRT_SECURE_NO_WARNINGS. See online help for details.
                 c:\program files (x86)\microsoft visual studio 10.0\vc\include\stdio.h(371) : see declaration of 'sprintf'
     1>c:\users\student\desktop\ttt\ponghunterb\source\main.cpp(284): warning C4996: 'sprintf': This function or variable may be unsafe. Consider using sprintf_s instead. To disable deprecation, use _CRT_SECURE_NO_WARNINGS. See online help for details.
                 c:\program files (x86)\microsoft visual studio 10.0\vc\include\stdio.h(371) : see declaration of 'sprintf'
       Link:
         C:\Program Files (x86)\Microsoft Visual Studio 10.0\VC\bin\link.exe /ERRORREPORT:PROMPT /OUT:"bin\PongHunterB_d.exe" /INCREMENTAL /NOLOGO /LIBPATH:./libs AIE_GL_Static_Framework_d.lib kernel32.lib kernel32.lib user32.lib gdi32.lib winspool.lib comdlg32.lib advapi32.lib shell32.lib ole32.lib oleaut32.lib uuid.lib odbc32.lib odbccp32.lib /MANIFEST /ManifestFile:"obj\PongHunterB_d.exe.intermediate.manifest" /MANIFESTUAC:"level='asInvoker' uiAccess='false'" /DEBUG /PDB:"bin\PongHunterB_d.pdb" /TLBID:1 /DYNAMICBASE /NXCOMPAT /IMPLIB:"bin\PongHunterB_d.lib" /MACHINE:X86 obj\main.obj
         PongHunterB.vcxproj -> C:\Users\Student\Desktop\ttt\PongHunterB\bin\PongHunterB_d.exe
       Manifest:
         C:\Program Files (x86)\Microsoft SDKs\Windows\v7.0A\bin\mt.exe /nologo /verbose /out:"C:\Users\Student\Desktop\ttt\PongHunterB\bin\PongHunterB_d.exe.manifest" /manifest obj\PongHunterB_d.exe.intermediate.manifest
       FinalizeBuildStatus:
         Deleting file "obj\PongHunterB.unsuccessfulbuild".
         Touching "obj\PongHunterB.lastbuildstate".
     1>Done Building Project "C:\Users\Student\Desktop\ttt\PongHunterB\PongHunterB.vcxproj" (build target(s)).

Build succeeded.

Time Elapsed 00:00:00.69
